mai 05, 2017 10:17:04 PM aqua.ClientLog info
INFOS: ping 12345
mai 05, 2017 10:17:04 PM aqua.ClientLog info
INFOS: pong 12345
mai 05, 2017 10:17:06 PM aqua.ClientLog info
INFOS: Client sent hello
mai 05, 2017 10:17:06 PM aqua.ClientLog info
INFOS: Client received greeting N1
mai 05, 2017 10:17:06 PM aqua.ClientLog info
INFOS: Client logging ..
mai 05, 2017 10:17:09 PM aqua.ClientLog info
INFOS: ping 12345
mai 05, 2017 10:17:09 PM aqua.ClientLog info
INFOS: pong 12345
mai 05, 2017 10:17:14 PM aqua.ClientLog info
INFOS: ping 12345
mai 05, 2017 10:17:14 PM aqua.ClientLog info
INFOS: pong 12345
mai 05, 2017 10:17:16 PM aqua.ClientLog info
INFOS: Client sent delFish a
mai 05, 2017 10:17:16 PM aqua.ClientLog info
INFOS: Client received OK : Fish deleted from fish tank
mai 05, 2017 10:17:19 PM aqua.ClientLog info
INFOS: ping 12345
mai 05, 2017 10:17:19 PM aqua.ClientLog info
INFOS: pong 12345
mai 05, 2017 10:17:24 PM aqua.ClientLog info
INFOS: ping 12345
mai 05, 2017 10:17:24 PM aqua.ClientLog info
INFOS: pong 12345
mai 05, 2017 10:17:29 PM aqua.ClientLog info
INFOS: ping 12345
mai 05, 2017 10:17:29 PM aqua.ClientLog info
INFOS: pong 12345
mai 05, 2017 10:17:30 PM aqua.ClientLog info
INFOS: Client sent addFish a at 50x50,10x10, RandomWayPoint
mai 05, 2017 10:17:30 PM aqua.ClientLog info
INFOS: Client received OK : Fish added to fish tank
mai 05, 2017 10:17:34 PM aqua.ClientLog info
INFOS: ping 12345
mai 05, 2017 10:17:34 PM aqua.ClientLog info
INFOS: pong 12345
mai 05, 2017 10:17:35 PM aqua.ClientLog info
INFOS: Client sent startFish a
mai 05, 2017 10:17:35 PM aqua.ClientLog info
INFOS: Client received OK : Fish started
mai 05, 2017 10:17:37 PM aqua.ClientLog info
INFOS: Client sent status
mai 05, 2017 10:17:37 PM aqua.ClientLog info
INFOS: Client received OK : Connecté au contrôleur, 1 poisson trouvé 
Fish a at 50x50,10x10 :  started

mai 05, 2017 10:17:39 PM aqua.ClientLog info
INFOS: ping 12345
mai 05, 2017 10:17:39 PM aqua.ClientLog info
INFOS: pong 12345
mai 05, 2017 10:17:41 PM aqua.ClientLog info
INFOS: Client sent getFishes
mai 05, 2017 10:17:41 PM aqua.ClientLog info
INFOS: Client received list [a at 52x56,10x10,5]
mai 05, 2017 10:17:44 PM aqua.ClientLog info
INFOS: ping 12345
mai 05, 2017 10:17:44 PM aqua.ClientLog info
INFOS: pong 12345
mai 05, 2017 10:17:48 PM aqua.ClientLog info
INFOS: Client sent getFishesContinuously
mai 05, 2017 10:17:48 PM aqua.ClientLog info
INFOS: list [a at 44x53,10x10,5]
mai 05, 2017 10:17:48 PM aqua.ClientLog info
INFOS: Client received getFishesContinuously Launched
mai 05, 2017 10:17:49 PM aqua.ClientLog info
INFOS: ping 12345
mai 05, 2017 10:17:49 PM aqua.ClientLog info
INFOS: pong 12345
mai 05, 2017 10:17:50 PM aqua.ClientLog info
INFOS: list [a at 50x55,10x10,5]
mai 05, 2017 10:17:52 PM aqua.ClientLog info
INFOS: list [a at 48x53,10x10,5]
mai 05, 2017 10:17:54 PM aqua.ClientLog info
INFOS: list [a at 43x48,10x10,5]
mai 05, 2017 10:17:54 PM aqua.ClientLog info
INFOS: ping 12345
mai 05, 2017 10:17:54 PM aqua.ClientLog info
INFOS: pong 12345
mai 05, 2017 10:17:56 PM aqua.ClientLog info
INFOS: list [a at 38x43,10x10,5]
mai 05, 2017 10:17:58 PM aqua.ClientLog info
INFOS: list [a at 34x37,10x10,5]
mai 05, 2017 10:17:59 PM aqua.ClientLog info
INFOS: ping 12345
mai 05, 2017 10:17:59 PM aqua.ClientLog info
INFOS: pong 12345
mai 05, 2017 10:18:00 PM aqua.ClientLog info
INFOS: list [a at 37x41,10x10,5]
mai 05, 2017 10:18:02 PM aqua.ClientLog info
INFOS: list [a at 44x35,10x10,5]
mai 05, 2017 10:18:04 PM aqua.ClientLog info
INFOS: list [a at 37x41,10x10,5]
mai 05, 2017 10:18:04 PM aqua.ClientLog info
INFOS: ping 12345
mai 05, 2017 10:18:04 PM aqua.ClientLog info
INFOS: pong 12345
mai 05, 2017 10:18:06 PM aqua.ClientLog info
INFOS: list [a at 36x33,10x10,5]
mai 05, 2017 10:18:08 PM aqua.ClientLog info
INFOS: list [a at 33x27,10x10,5]
mai 05, 2017 10:18:09 PM aqua.ClientLog info
INFOS: ping 12345
mai 05, 2017 10:18:09 PM aqua.ClientLog info
INFOS: pong 12345
mai 05, 2017 10:18:10 PM aqua.ClientLog info
INFOS: list [a at 38x28,10x10,5]
mai 05, 2017 10:18:12 PM aqua.ClientLog info
INFOS: list [a at 39x33,10x10,5]
mai 05, 2017 10:18:14 PM aqua.ClientLog info
INFOS: list [a at 41x35,10x10,5]
mai 05, 2017 10:18:14 PM aqua.ClientLog info
INFOS: ping 12345
mai 05, 2017 10:18:14 PM aqua.ClientLog info
INFOS: pong 12345
mai 05, 2017 10:18:16 PM aqua.ClientLog info
INFOS: list [a at 37x29,10x10,5]
mai 05, 2017 10:18:18 PM aqua.ClientLog info
INFOS: list [a at 44x29,10x10,5]
mai 05, 2017 10:18:19 PM aqua.ClientLog info
INFOS: ping 12345
mai 05, 2017 10:18:19 PM aqua.ClientLog info
INFOS: pong 12345
mai 05, 2017 10:18:20 PM aqua.ClientLog info
INFOS: list [a at 41x36,10x10,5]
mai 05, 2017 10:18:22 PM aqua.ClientLog info
INFOS: list [a at 48x41,10x10,5]
mai 05, 2017 10:18:24 PM aqua.ClientLog info
INFOS: list [a at 52x39,10x10,5]
mai 05, 2017 10:18:24 PM aqua.ClientLog info
INFOS: ping 12345
mai 05, 2017 10:18:24 PM aqua.ClientLog info
INFOS: pong 12345
mai 05, 2017 10:18:26 PM aqua.ClientLog info
INFOS: list [a at 57x36,10x10,5]
mai 05, 2017 10:18:28 PM aqua.ClientLog info
INFOS: list [a at 50x36,10x10,5]
mai 05, 2017 10:18:29 PM aqua.ClientLog info
INFOS: ping 12345
mai 05, 2017 10:18:29 PM aqua.ClientLog info
INFOS: pong 12345
mai 05, 2017 10:18:30 PM aqua.ClientLog info
INFOS: list [a at 49x34,10x10,5]
mai 05, 2017 10:18:32 PM aqua.ClientLog info
INFOS: list [a at 41x28,10x10,5]
mai 05, 2017 10:18:34 PM aqua.ClientLog info
INFOS: list [a at 45x35,10x10,5]
mai 05, 2017 10:18:34 PM aqua.ClientLog info
INFOS: ping 12345
mai 05, 2017 10:18:34 PM aqua.ClientLog info
INFOS: pong 12345
mai 05, 2017 10:18:36 PM aqua.ClientLog info
INFOS: list [a at 47x37,10x10,5]
mai 05, 2017 10:18:38 PM aqua.ClientLog info
INFOS: list [a at 47x34,10x10,5]
mai 05, 2017 10:18:39 PM aqua.ClientLog info
INFOS: ping 12345
mai 05, 2017 10:18:39 PM aqua.ClientLog info
INFOS: pong 12345
mai 05, 2017 10:18:40 PM aqua.ClientLog info
INFOS: list [a at 53x29,10x10,5]
mai 05, 2017 10:18:42 PM aqua.ClientLog info
INFOS: list [a at 57x35,10x10,5]
mai 05, 2017 10:18:44 PM aqua.ClientLog info
INFOS: list [a at 62x36,10x10,5]
mai 05, 2017 10:18:44 PM aqua.ClientLog info
INFOS: ping 12345
mai 05, 2017 10:18:44 PM aqua.ClientLog info
INFOS: pong 12345
mai 05, 2017 10:18:46 PM aqua.ClientLog info
INFOS: list [a at 68x36,10x10,5]
mai 05, 2017 10:18:48 PM aqua.ClientLog info
INFOS: list [a at 68x36,10x10,5]
mai 05, 2017 10:18:49 PM aqua.ClientLog info
INFOS: ping 12345
mai 05, 2017 10:18:49 PM aqua.ClientLog info
INFOS: pong 12345
mai 05, 2017 10:18:50 PM aqua.ClientLog info
INFOS: list [a at 65x37,10x10,5]
mai 05, 2017 10:18:52 PM aqua.ClientLog info
INFOS: list [a at 67x43,10x10,5]
mai 05, 2017 10:18:54 PM aqua.ClientLog info
INFOS: list [a at 63x36,10x10,5]
mai 05, 2017 10:18:54 PM aqua.ClientLog info
INFOS: ping 12345
mai 05, 2017 10:18:54 PM aqua.ClientLog info
INFOS: pong 12345
mai 05, 2017 10:18:56 PM aqua.ClientLog info
INFOS: list [a at 63x32,10x10,5]
mai 05, 2017 10:18:58 PM aqua.ClientLog info
INFOS: list [a at 56x26,10x10,5]
mai 05, 2017 10:18:59 PM aqua.ClientLog info
INFOS: ping 12345
mai 05, 2017 10:18:59 PM aqua.ClientLog info
INFOS: pong 12345
mai 05, 2017 10:19:00 PM aqua.ClientLog info
INFOS: list [a at 62x33,10x10,5]
mai 05, 2017 10:19:02 PM aqua.ClientLog info
INFOS: list [a at 55x27,10x10,5]
mai 05, 2017 10:19:04 PM aqua.ClientLog info
INFOS: list [a at 50x27,10x10,5]
mai 05, 2017 10:19:04 PM aqua.ClientLog info
INFOS: ping 12345
mai 05, 2017 10:19:04 PM aqua.ClientLog info
INFOS: pong 12345
mai 05, 2017 10:19:06 PM aqua.ClientLog info
INFOS: list [a at 45x33,10x10,5]
mai 05, 2017 10:19:08 PM aqua.ClientLog info
INFOS: list [a at 52x34,10x10,5]
mai 05, 2017 10:19:09 PM aqua.ClientLog info
INFOS: ping 12345
mai 05, 2017 10:19:09 PM aqua.ClientLog info
INFOS: pong 12345
mai 05, 2017 10:19:10 PM aqua.ClientLog info
INFOS: list [a at 52x41,10x10,5]
mai 05, 2017 10:19:12 PM aqua.ClientLog info
INFOS: list [a at 54x46,10x10,5]
mai 05, 2017 10:19:14 PM aqua.ClientLog info
INFOS: list [a at 57x48,10x10,5]
mai 05, 2017 10:19:14 PM aqua.ClientLog info
INFOS: ping 12345
mai 05, 2017 10:19:14 PM aqua.ClientLog info
INFOS: pong 12345
mai 05, 2017 10:19:16 PM aqua.ClientLog info
INFOS: list [a at 51x50,10x10,5]
mai 05, 2017 10:19:18 PM aqua.ClientLog info
INFOS: list [a at 44x48,10x10,5]
mai 05, 2017 10:19:19 PM aqua.ClientLog info
INFOS: ping 12345
mai 05, 2017 10:19:19 PM aqua.ClientLog info
INFOS: pong 12345
mai 05, 2017 10:19:20 PM aqua.ClientLog info
INFOS: list [a at 50x51,10x10,5]
mai 05, 2017 10:19:22 PM aqua.ClientLog info
INFOS: list [a at 50x53,10x10,5]
mai 05, 2017 10:19:24 PM aqua.ClientLog info
INFOS: list [a at 50x50,10x10,5]
mai 05, 2017 10:19:24 PM aqua.ClientLog info
INFOS: ping 12345
mai 05, 2017 10:19:24 PM aqua.ClientLog info
INFOS: pong 12345
mai 05, 2017 10:19:26 PM aqua.ClientLog info
INFOS: list [a at 51x57,10x10,5]
mai 05, 2017 10:19:28 PM aqua.ClientLog info
INFOS: list [a at 49x56,10x10,5]
mai 05, 2017 10:19:29 PM aqua.ClientLog info
INFOS: ping 12345
mai 05, 2017 10:19:29 PM aqua.ClientLog info
INFOS: pong 12345
mai 05, 2017 10:19:30 PM aqua.ClientLog info
INFOS: list [a at 53x59,10x10,5]
mai 05, 2017 10:19:32 PM aqua.ClientLog info
INFOS: list [a at 51x55,10x10,5]
mai 05, 2017 10:19:34 PM aqua.ClientLog info
INFOS: list [a at 54x57,10x10,5]
mai 05, 2017 10:19:34 PM aqua.ClientLog info
INFOS: ping 12345
mai 05, 2017 10:19:34 PM aqua.ClientLog info
INFOS: pong 12345
mai 05, 2017 10:19:34 PM aqua.ClientLog info
INFOS: Client sent addFish happyFish_2 at 20x60,10x10, RandomWayPoint
mai 05, 2017 10:19:34 PM aqua.ClientLog info
INFOS: Client received OK : Fish added to fish tank
mai 05, 2017 10:19:39 PM aqua.ClientLog info
INFOS: ping 12345
mai 05, 2017 10:19:39 PM aqua.ClientLog info
INFOS: pong 12345
mai 05, 2017 10:19:42 PM aqua.ClientLog info
INFOS: Client sent startFish happyFish_2
mai 05, 2017 10:19:42 PM aqua.ClientLog info
INFOS: Client received OK : Fish started
mai 05, 2017 10:19:44 PM aqua.ClientLog info
INFOS: ping 12345
mai 05, 2017 10:19:44 PM aqua.ClientLog info
INFOS: pong 12345
mai 05, 2017 10:19:49 PM aqua.ClientLog info
INFOS: ping 12345
mai 05, 2017 10:19:49 PM aqua.ClientLog info
INFOS: pong 12345
mai 05, 2017 10:19:50 PM aqua.ClientLog info
INFOS: Client sent getFishesContinuously
mai 05, 2017 10:19:50 PM aqua.ClientLog info
INFOS: list [a at 61x59,10x10,5] [happyFish_2 at 23x55,10x10,5]
mai 05, 2017 10:19:50 PM aqua.ClientLog info
INFOS: Client received getFishesContinuously Launched
mai 05, 2017 10:19:52 PM aqua.ClientLog info
INFOS: list [a at 65x56,10x10,5] [happyFish_2 at 17x50,10x10,5]
mai 05, 2017 10:19:54 PM aqua.ClientLog info
INFOS: ping 12345
mai 05, 2017 10:19:54 PM aqua.ClientLog info
INFOS: pong 12345
mai 05, 2017 10:19:54 PM aqua.ClientLog info
INFOS: list [a at 68x59,10x10,5] [happyFish_2 at 19x47,10x10,5]
mai 05, 2017 10:19:56 PM aqua.ClientLog info
INFOS: list [a at 74x61,10x10,5] [happyFish_2 at 22x40,10x10,5]
mai 05, 2017 10:19:58 PM aqua.ClientLog info
INFOS: list [a at 73x68,10x10,5] [happyFish_2 at 21x36,10x10,5]
mai 05, 2017 10:19:59 PM aqua.ClientLog info
INFOS: ping 12345
mai 05, 2017 10:19:59 PM aqua.ClientLog info
INFOS: pong 12345
mai 05, 2017 10:20:00 PM aqua.ClientLog info
INFOS: list [a at 74x62,10x10,5] [happyFish_2 at 27x40,10x10,5]
mai 05, 2017 10:20:01 PM aqua.ClientLog info
INFOS: Client sent getFishes
mai 05, 2017 10:20:01 PM aqua.ClientLog info
INFOS: Client received list [a at 73x66,10x10,5] [happyFish_2 at 26x44,10x10,5]
mai 05, 2017 10:20:04 PM aqua.ClientLog info
INFOS: ping 12345
mai 05, 2017 10:20:04 PM aqua.ClientLog info
INFOS: pong 12345
mai 05, 2017 10:20:06 PM aqua.ClientLog info
INFOS: Client sent getFishesContinuously
mai 05, 2017 10:20:06 PM aqua.ClientLog info
INFOS: list [a at 66x71,10x10,5] [happyFish_2 at 26x45,10x10,5]
mai 05, 2017 10:20:06 PM aqua.ClientLog info
INFOS: Client received getFishesContinuously Launched
mai 05, 2017 10:20:08 PM aqua.ClientLog info
INFOS: list [a at 63x73,10x10,5] [happyFish_2 at 18x40,10x10,5]
mai 05, 2017 10:20:09 PM aqua.ClientLog info
INFOS: Client sent getFishesContinuously
mai 05, 2017 10:20:09 PM aqua.ClientLog info
INFOS: list [a at 66x68,10x10,5] [happyFish_2 at 14x48,10x10,5]
mai 05, 2017 10:20:09 PM aqua.ClientLog info
INFOS: Client received getFishesContinuously Launched
mai 05, 2017 10:20:09 PM aqua.ClientLog info
INFOS: ping 12345
mai 05, 2017 10:20:09 PM aqua.ClientLog info
INFOS: pong 12345
mai 05, 2017 10:20:10 PM aqua.ClientLog info
INFOS: list [a at 72x62,10x10,5] [happyFish_2 at 11x45,10x10,5]
mai 05, 2017 10:20:11 PM aqua.ClientLog info
INFOS: list [a at 77x55,10x10,5] [happyFish_2 at 13x50,10x10,5]
mai 05, 2017 10:20:12 PM aqua.ClientLog info
INFOS: list [a at 72x58,10x10,5] [happyFish_2 at 11x48,10x10,5]
mai 05, 2017 10:20:13 PM aqua.ClientLog info
INFOS: list [a at 72x54,10x10,5] [happyFish_2 at 16x48,10x10,5]
mai 05, 2017 10:20:14 PM aqua.ClientLog info
INFOS: ping 12345
mai 05, 2017 10:20:14 PM aqua.ClientLog info
INFOS: pong 12345
mai 05, 2017 10:20:14 PM aqua.ClientLog info
INFOS: list [a at 65x47,10x10,5] [happyFish_2 at 22x48,10x10,5]
mai 05, 2017 10:20:15 PM aqua.ClientLog info
INFOS: list [a at 58x48,10x10,5] [happyFish_2 at 17x49,10x10,5]
mai 05, 2017 10:20:16 PM aqua.ClientLog info
INFOS: list [a at 61x52,10x10,5] [happyFish_2 at 21x41,10x10,5]
mai 05, 2017 10:20:17 PM aqua.ClientLog info
INFOS: list [a at 59x58,10x10,5] [happyFish_2 at 28x35,10x10,5]
mai 05, 2017 10:20:18 PM aqua.ClientLog info
INFOS: list [a at 54x62,10x10,5] [happyFish_2 at 24x28,10x10,5]
mai 05, 2017 10:20:19 PM aqua.ClientLog info
INFOS: list [a at 54x55,10x10,5] [happyFish_2 at 27x23,10x10,5]
mai 05, 2017 10:20:19 PM aqua.ClientLog info
INFOS: ping 12345
mai 05, 2017 10:20:19 PM aqua.ClientLog info
INFOS: pong 12345
mai 05, 2017 10:20:20 PM aqua.ClientLog info
INFOS: list [a at 50x55,10x10,5] [happyFish_2 at 32x21,10x10,5]
