May 05, 2017 7:59:51 AM aqua.ClientLog <init>
CONFIG: Client logging ..
May 05, 2017 7:59:55 AM aqua.ClientLog info
INFO: Client sent hello in as N1
May 05, 2017 7:59:55 AM aqua.ClientLog info
INFO: Client received greeting N1
May 05, 2017 8:00:21 AM aqua.ClientLog info
INFO: Client sent addFish madFish at 10x10,10x10, RandomWayPoint
May 05, 2017 8:00:21 AM aqua.ClientLog info
INFO: Client received OK : Fish added to fish tank
May 05, 2017 8:00:28 AM aqua.ClientLog info
INFO: Client sent startFish madfish
May 05, 2017 8:00:28 AM aqua.ClientLog info
INFO: Client received NOK : Poisson inexistant
May 05, 2017 8:00:32 AM aqua.ClientLog info
INFO: Client sent getFishes
May 05, 2017 8:00:32 AM aqua.ClientLog info
INFO: Client received NOK: No fishes found
May 05, 2017 8:00:38 AM aqua.ClientLog info
INFO: Client sent getFshes
May 05, 2017 8:00:38 AM aqua.ClientLog info
INFO: Client received unkown command try again
May 05, 2017 8:00:44 AM aqua.ClientLog info
INFO: Client sent startFish madFish
May 05, 2017 8:00:44 AM aqua.ClientLog info
INFO: Client received OK : Fish started
May 05, 2017 8:00:49 AM aqua.ClientLog info
INFO: Client sent getFishes
May 05, 2017 8:00:49 AM aqua.ClientLog info
INFO: Client received list [madFish at 10x15,10x10,5]
May 05, 2017 8:01:11 AM aqua.ClientLog info
INFO: Client sent addFish oldFish at 60x50,10x10, randomWayPoint
May 05, 2017 8:01:11 AM aqua.ClientLog info
INFO: Client received NOK : Mobility modele not supported
May 05, 2017 8:01:39 AM aqua.ClientLog info
INFO: Client sent addFish oldFish at 50x50,10x10, RandomWayPoint
May 05, 2017 8:01:39 AM aqua.ClientLog info
INFO: Client received OK : Fish added to fish tank
May 05, 2017 8:01:51 AM aqua.ClientLog info
INFO: Client sent startFish oldFish
May 05, 2017 8:01:51 AM aqua.ClientLog info
INFO: Client received OK : Fish started
May 05, 2017 8:01:54 AM aqua.ClientLog info
INFO: Client sent getFishes
May 05, 2017 8:01:54 AM aqua.ClientLog info
INFO: Client received list [madFish at 11x17,10x10,5] [oldFish at 49x43,10x10,5]
May 05, 2017 8:01:59 AM aqua.ClientLog info
INFO: Client sent getFishes
May 05, 2017 8:01:59 AM aqua.ClientLog info
INFO: Client received list [madFish at 15x22,10x10,5] [oldFish at 51x41,10x10,5]
May 05, 2017 8:02:04 AM aqua.ClientLog info
INFO: Client sent getFishes
May 05, 2017 8:02:04 AM aqua.ClientLog info
INFO: Client received list [madFish at 18x26,10x10,5] [oldFish at 52x40,10x10,5]
May 05, 2017 8:02:08 AM aqua.ClientLog info
INFO: Client sent getFishes
May 05, 2017 8:02:08 AM aqua.ClientLog info
INFO: Client received list [madFish at 14x18,10x10,5] [oldFish at 48x37,10x10,5]
May 05, 2017 8:02:14 AM aqua.ClientLog info
INFO: Client sent getFishes
May 05, 2017 8:02:14 AM aqua.ClientLog info
INFO: Client received list [madFish at 20x15,10x10,5] [oldFish at 43x43,10x10,5]
May 05, 2017 8:02:26 AM aqua.ClientLog info
INFO: Client sent getFish
May 05, 2017 8:02:26 AM aqua.ClientLog info
INFO: Client received unkown command try again
May 05, 2017 8:02:30 AM aqua.ClientLog info
INFO: Client sent getFishes
May 05, 2017 8:02:30 AM aqua.ClientLog info
INFO: Client received list [madFish at 20x22,10x10,5] [oldFish at 45x51,10x10,5]
May 05, 2017 8:02:47 AM aqua.ClientLog info
INFO: Client sent addFish hapyFish at 50x50,10x10, RandomWayPoint
May 05, 2017 8:02:47 AM aqua.ClientLog info
INFO: Client received OK : Fish added to fish tank
May 05, 2017 8:02:54 AM aqua.ClientLog info
INFO: Client sent startFish happyFish
May 05, 2017 8:02:54 AM aqua.ClientLog info
INFO: Client received NOK : Poisson inexistant
May 05, 2017 8:02:59 AM aqua.ClientLog info
INFO: Client sent getFishes
May 05, 2017 8:02:59 AM aqua.ClientLog info
INFO: Client received list [madFish at 27x15,10x10,5] [oldFish at 53x57,10x10,5]
May 05, 2017 8:03:11 AM aqua.ClientLog info
INFO: Client sent startFish heppyFish
May 05, 2017 8:03:11 AM aqua.ClientLog info
INFO: Client received NOK : Poisson inexistant
May 05, 2017 8:03:15 AM aqua.ClientLog info
INFO: Client sent getFishes
May 05, 2017 8:03:15 AM aqua.ClientLog info
INFO: Client received list [madFish at 34x21,10x10,5] [oldFish at 54x57,10x10,5]
May 05, 2017 8:03:30 AM aqua.ClientLog info
INFO: Client sent startFish hapyFish
May 05, 2017 8:03:30 AM aqua.ClientLog info
INFO: Client received OK : Fish started
May 05, 2017 8:03:34 AM aqua.ClientLog info
INFO: Client sent getFishes
May 05, 2017 8:03:34 AM aqua.ClientLog info
INFO: Client received list [madFish at 37x19,10x10,5] [oldFish at 55x57,10x10,5] [hapyFish at 51x50,10x10,5]
May 05, 2017 8:03:37 AM aqua.ClientLog info
INFO: Client sent getFishes
May 05, 2017 8:03:37 AM aqua.ClientLog info
INFO: Client received list [madFish at 42x11,10x10,5] [oldFish at 57x58,10x10,5] [hapyFish at 54x49,10x10,5]
May 05, 2017 8:03:43 AM aqua.ClientLog info
INFO: Client sent getFishes
May 05, 2017 8:03:43 AM aqua.ClientLog info
INFO: Client received list [madFish at 41x14,10x10,5] [oldFish at 62x52,10x10,5] [hapyFish at 55x42,10x10,5]
May 05, 2017 8:03:48 AM aqua.ClientLog info
INFO: Client sent getFsihes
May 05, 2017 8:03:48 AM aqua.ClientLog info
INFO: Client received unkown command try again
May 05, 2017 8:03:51 AM aqua.ClientLog info
INFO: Client sent getFishes
May 05, 2017 8:03:51 AM aqua.ClientLog info
INFO: Client received list [madFish at 34x14,10x10,5] [oldFish at 59x54,10x10,5] [hapyFish at 54x43,10x10,5]
May 05, 2017 8:03:56 AM aqua.ClientLog info
INFO: Client sent getFishes
May 05, 2017 8:03:56 AM aqua.ClientLog info
INFO: Client received list [madFish at 27x15,10x10,5] [oldFish at 64x57,10x10,5] [hapyFish at 50x50,10x10,5]
May 05, 2017 8:04:02 AM aqua.ClientLog info
INFO: Client sent getFishes
May 05, 2017 8:04:02 AM aqua.ClientLog info
INFO: Client received list [madFish at 21x15,10x10,5] [oldFish at 61x64,10x10,5] [hapyFish at 54x50,10x10,5]
May 05, 2017 8:04:07 AM aqua.ClientLog info
INFO: Client sent getFishes
May 05, 2017 8:04:07 AM aqua.ClientLog info
INFO: Client received list [madFish at 21x20,10x10,5] [oldFish at 57x56,10x10,5] [hapyFish at 49x54,10x10,5]
May 05, 2017 8:04:13 AM aqua.ClientLog info
INFO: Client sent getFishes
May 05, 2017 8:04:13 AM aqua.ClientLog info
INFO: Client received list [madFish at 28x15,10x10,5] [oldFish at 60x53,10x10,5] [hapyFish at 44x48,10x10,5]
